C:\USERS\GRAHAM\PROGRAMMING\GMB\AUDIOCLASSES\GMBBUFFERLIBARY\GMBBUFFERLIBARY\DEBUG\GMBBUFFEROBJ.OBJ
C:\USERS\GRAHAM\PROGRAMMING\GMB\AUDIOCLASSES\GMBBUFFERLIBARY\GMBBUFFERLIBARY\DEBUG\VC110.PDB
C:\USERS\GRAHAM\PROGRAMMING\GMB\AUDIOCLASSES\GMBBUFFERLIBARY\DEBUG\GMBBUFFERLIBRARY.LIB
C:\USERS\GRAHAM\PROGRAMMING\GMB\AUDIOCLASSES\GMBBUFFERLIBARY\GMBBUFFERLIBARY\DEBUG\GMBBUFFERLIBRARY.RES
C:\Users\Graham\Programming\GMB\AudioClasses\GMBBufferLibary\GMBBufferLibary\Debug\GMBBufferObj.obj
C:\Users\Graham\Programming\GMB\AudioClasses\GMBBufferLibary\GMBBufferLibary\Debug\cl.command.1.tlog
C:\Users\Graham\Programming\GMB\AudioClasses\GMBBufferLibary\GMBBufferLibary\Debug\CL.read.1.tlog
C:\Users\Graham\Programming\GMB\AudioClasses\GMBBufferLibary\GMBBufferLibary\Debug\CL.write.1.tlog
C:\Users\Graham\Programming\GMB\AudioClasses\GMBBufferLibary\GMBBufferLibary\Debug\Lib-link-cvtres.read.1.tlog
C:\Users\Graham\Programming\GMB\AudioClasses\GMBBufferLibary\GMBBufferLibary\Debug\Lib-link-cvtres.write.1.tlog
C:\Users\Graham\Programming\GMB\AudioClasses\GMBBufferLibary\GMBBufferLibary\Debug\Lib-link.read.1.tlog
C:\Users\Graham\Programming\GMB\AudioClasses\GMBBufferLibary\GMBBufferLibary\Debug\Lib-link.write.1.tlog
C:\Users\Graham\Programming\GMB\AudioClasses\GMBBufferLibary\GMBBufferLibary\Debug\lib.command.1.tlog
C:\Users\Graham\Programming\GMB\AudioClasses\GMBBufferLibary\GMBBufferLibary\Debug\rc.command.1.tlog
C:\Users\Graham\Programming\GMB\AudioClasses\GMBBufferLibary\GMBBufferLibary\Debug\rc.read.1.tlog
C:\Users\Graham\Programming\GMB\AudioClasses\GMBBufferLibary\GMBBufferLibary\Debug\rc.write.1.tlog
C:\Users\Graham\Programming\GMB\AudioClasses\GMBBufferLibary\GMBBufferLibary\Debug\GMBBufferLibrary.res
C:\Users\Graham\Programming\GMB\AudioClasses\GMBBufferLibary\GMBBufferLibary\Debug\vc110.idb
C:\Users\Graham\Programming\GMB\AudioClasses\GMBBufferLibary\GMBBufferLibary\Debug\vc110.pdb
C:\Users\Graham\Programming\GMB\AudioClasses\GMBBufferLibary\Debug\GMBBufferLibrary.lib
